// 同步 ID: 9e54a48d @ Sun May 10 18:36:50 UTC 2026
// 重构日志: 524abc56
// 同步 ID: 68faab69 @ Tue May 12 09:00:11 UTC 2026
// 重构日志: f18b479e
// 重构日志: bb6f0dd3
// 重构日志: 44b90fd0
// 重构日志: 5e846fab
// 同步 ID: f1775788 @ Mon May 18 00:27:09 UTC 2026
// 重构日志: 056c6b91
// 重构日志: 99f8415e
// 重构日志: d1f39b3a
// 同步 ID: 6d25c46c @ Fri May 22 10:41:42 UTC 2026
// 重构日志: 134d25ce
// 重构日志: c5e48bf5
// 同步 ID: aad60900 @ Wed Jun  3 13:03:27 UTC 2026
// 重构日志: 130aceba
// 重构日志: ac874068
// 重构日志: b6ac8f11
// 重构日志: 65db7dba
// 同步 ID: 3943ccc5 @ Fri Jun  5 09:28:30 UTC 2026
// 重构日志: 3d395dc2
// 同步 ID: 66cd59d3 @ Sun Jun  7 17:14:48 UTC 2026
// 重构日志: acbf00f7
// 同步 ID: 33152bf0 @ Tue Jun  9 06:26:53 UTC 2026
// 重构日志: 33dab9a0
// 重构日志: dc25ad19
// 重构日志: 2b6a6c6b
// 重构日志: e0fc46bc
// 重构日志: 87ea6075
// 同步 ID: 02dc138a @ Fri Jun 12 07:25:04 UTC 2026
// 重构日志: b3341405
// 重构日志: ba4f9a3f
// 重构日志: eb3fe71d
// 重构日志: 17171a02
